<?xml version="1.0" encoding="UTF-8"?>
<testng-results ignored="0" total="1" passed="1" failed="0" skipped="0">
  <reporter-output>
  </reporter-output>
  <suite started-at="2021-12-09T15:13:04 IST" name="Default suite" finished-at="2021-12-09T15:13:04 IST" duration-ms="80">
    <groups>
    </groups>
    <test started-at="2021-12-09T15:13:04 IST" name="Default test" finished-at="2021-12-09T15:13:04 IST" duration-ms="80">
      <class name="com.practice.Demo">
        <test-method signature="test()[pri:0, instance:com.practice.Demo@2cdd0d4b]" started-at="2021-12-09T15:13:04 IST" name="test" finished-at="2021-12-09T15:13:04 IST" duration-ms="19" status="PASS">
          <reporter-output>
          </reporter-output>
        </test-method> <!-- test -->
      </class> <!-- com.practice.Demo -->
    </test> <!-- Default test -->
  </suite> <!-- Default suite -->
</testng-results>
